<?xml version="1.0" encoding="UTF-8"?>
<!-- Generated by org.testng.reporters.JUnitXMLReporter -->
<testsuite ignored="0" hostname="DESKTOP-M8CFESV" failures="0" tests="3" name="Test1" time="17.56" errors="0" timestamp="2023-03-23T17:07:49 IST">
  <testcase classname="lambdatest.Assignment_1" name="Scenario_1" time="2.094"/>
  <testcase classname="lambdatest.Assignment_1" name="Scenario_2" time="3.258"/>
  <testcase classname="lambdatest.Assignment_1" name="Scenario_3" time="5.383"/>
</testsuite> <!-- Test1 -->
