<?xml version="1.0" encoding="UTF-8"?>
<!-- Generated by org.testng.reporters.JUnitXMLReporter -->
<testsuite ignored="3" hostname="DESKTOP-M8CFESV" failures="0" tests="0" time="0.007" errors="0" timestamp="2023-03-24T11:11:57 IST">
  <testcase classname="lambdatest.Assignment_1" name="Scenario_3" time="0.0">
    <ignored/>
  </testcase> <!-- Scenario_3 -->
  <testcase classname="lambdatest.Assignment_1" name="Scenario_2" time="0.0">
    <ignored/>
  </testcase> <!-- Scenario_2 -->
  <testcase classname="lambdatest.Assignment_1" name="Scenario_1" time="0.0">
    <ignored/>
  </testcase> <!-- Scenario_1 -->
</testsuite>
