<?xml version="1.0" encoding="UTF-8"?>
<!-- Generated by org.testng.reporters.JUnitXMLReporter -->
<testsuite ignored="0" hostname="DESKTOP-M8CFESV" failures="0" tests="3" name="Test1" time="12.389" errors="0" timestamp="2023-03-24T14:34:55 IST">
  <testcase classname="lambdatest.Assignment_1" name="Scenario_1" time="1.032"/>
  <testcase classname="lambdatest.Assignment_1" name="Scenario_2" time="5.195"/>
  <testcase classname="lambdatest.Assignment_1" name="Scenario_3" time="3.053"/>
</testsuite> <!-- Test1 -->
