<?xml version="1.0" encoding="UTF-8"?>
<!-- Generated by org.testng.reporters.JUnitXMLReporter -->
<testsuite ignored="0" hostname="DESKTOP-M8CFESV" failures="0" tests="3" name="Test2" time="17.292" errors="0" timestamp="2023-03-23T17:07:48 IST">
  <testcase classname="lambdatest.Assignment_1" name="Scenario_1" time="1.942"/>
  <testcase classname="lambdatest.Assignment_1" name="Scenario_2" time="3.34"/>
  <testcase classname="lambdatest.Assignment_1" name="Scenario_3" time="5.177"/>
</testsuite> <!-- Test2 -->
