<?xml version="1.0" encoding="UTF-8"?>
<testng-results ignored="0" total="9" passed="8" failed="1" skipped="0">
  <reporter-output>
    <line>
      <![CDATA[Url Contains = simple-form-demo]]>
    </line>
    <line>
      <![CDATA[Url Contains = simple-form-demo]]>
    </line>
    <line>
      <![CDATA[TextBox Showing Currect text message = Welcome to LambdaTest]]>
    </line>
    <line>
      <![CDATA[TextBox Showing Currect text message = Welcome to LambdaTest]]>
    </line>
    <line>
      <![CDATA[Url Contains = simple-form-demo]]>
    </line>
    <line>
      <![CDATA[TextBox Showing Currect text message = Welcome to LambdaTest]]>
    </line>
    <line>
      <![CDATA[Slider possition set to = 95]]>
    </line>
    <line>
      <![CDATA[Slider possition set to = 95]]>
    </line>
    <line>
      <![CDATA[Showing correct warning message = Please fill out this field.]]>
    </line>
    <line>
      <![CDATA[Showing correct warning message = Please fill out this field.]]>
    </line>
    <line>
      <![CDATA[Showing correct warning message = Please fill out this field.]]>
    </line>
    <line>
      <![CDATA[Showing correct success message = Thanks for contacting us, we will get back to you shortly.]]>
    </line>
    <line>
      <![CDATA[Showing correct success message = Thanks for contacting us, we will get back to you shortly.]]>
    </line>
    <line>
      <![CDATA[Showing correct success message = Thanks for contacting us, we will get back to you shortly.]]>
    </line>
  </reporter-output>
  <suite started-at="2023-03-23T17:07:31 IST" name="Suite" finished-at="2023-03-23T17:07:51 IST" duration-ms="20337">
    <groups>
    </groups>
    <test started-at="2023-03-23T17:07:31 IST" name="Test2" finished-at="2023-03-23T17:07:48 IST" duration-ms="17292">
      <class name="lambdatest.Assignment_1">
        <test-method is-config="true" signature="Openbrowser(java.lang.String)[pri:0, instance:lambdatest.Assignment_1@65c7a252]" started-at="2023-03-23T17:07:31 IST" name="Openbrowser" finished-at="2023-03-23T17:07:37 IST" duration-ms="6268" status="PASS">
          <params>
            <param index="0">
              <value>
                <![CDATA[edge]]>
              </value>
            </param>
          </params>
          <reporter-output>
          </reporter-output>
        </test-method> <!-- Openbrowser -->
        <test-method signature="Scenario_1()[pri:1, instance:lambdatest.Assignment_1@65c7a252]" started-at="2023-03-23T17:07:37 IST" name="Scenario_1" finished-at="2023-03-23T17:07:39 IST" duration-ms="1942" status="PASS">
          <reporter-output>
            <line>
              <![CDATA[Url Contains = simple-form-demo]]>
            </line>
            <line>
              <![CDATA[TextBox Showing Currect text message = Welcome to LambdaTest]]>
            </line>
          </reporter-output>
        </test-method> <!-- Scenario_1 -->
        <test-method signature="Scenario_2()[pri:2, instance:lambdatest.Assignment_1@65c7a252]" started-at="2023-03-23T17:07:39 IST" name="Scenario_2" finished-at="2023-03-23T17:07:43 IST" duration-ms="3340" status="PASS">
          <reporter-output>
            <line>
              <![CDATA[Slider possition set to = 95]]>
            </line>
          </reporter-output>
        </test-method> <!-- Scenario_2 -->
        <test-method signature="Scenario_3()[pri:3, instance:lambdatest.Assignment_1@65c7a252]" started-at="2023-03-23T17:07:43 IST" name="Scenario_3" finished-at="2023-03-23T17:07:48 IST" duration-ms="5177" status="PASS">
          <reporter-output>
            <line>
              <![CDATA[Showing correct warning message = Please fill out this field.]]>
            </line>
            <line>
              <![CDATA[Showing correct success message = Thanks for contacting us, we will get back to you shortly.]]>
            </line>
          </reporter-output>
        </test-method> <!-- Scenario_3 -->
        <test-method is-config="true" signature="teardown()[pri:0, instance:lambdatest.Assignment_1@65c7a252]" started-at="2023-03-23T17:07:48 IST" name="teardown" finished-at="2023-03-23T17:07:48 IST" duration-ms="444" status="PASS">
          <reporter-output>
          </reporter-output>
        </test-method> <!-- teardown -->
      </class> <!-- lambdatest.Assignment_1 -->
    </test> <!-- Test2 -->
    <test started-at="2023-03-23T17:07:31 IST" name="Test1" finished-at="2023-03-23T17:07:49 IST" duration-ms="17560">
      <class name="lambdatest.Assignment_1">
        <test-method is-config="true" signature="Openbrowser(java.lang.String)[pri:0, instance:lambdatest.Assignment_1@6253c26]" started-at="2023-03-23T17:07:31 IST" name="Openbrowser" finished-at="2023-03-23T17:07:38 IST" duration-ms="6432" status="PASS">
          <params>
            <param index="0">
              <value>
                <![CDATA[chrome]]>
              </value>
            </param>
          </params>
          <reporter-output>
          </reporter-output>
        </test-method> <!-- Openbrowser -->
        <test-method signature="Scenario_1()[pri:1, instance:lambdatest.Assignment_1@6253c26]" started-at="2023-03-23T17:07:38 IST" name="Scenario_1" finished-at="2023-03-23T17:07:40 IST" duration-ms="2094" status="PASS">
          <reporter-output>
            <line>
              <![CDATA[Url Contains = simple-form-demo]]>
            </line>
            <line>
              <![CDATA[TextBox Showing Currect text message = Welcome to LambdaTest]]>
            </line>
          </reporter-output>
        </test-method> <!-- Scenario_1 -->
        <test-method signature="Scenario_2()[pri:2, instance:lambdatest.Assignment_1@6253c26]" started-at="2023-03-23T17:07:40 IST" name="Scenario_2" finished-at="2023-03-23T17:07:43 IST" duration-ms="3258" status="PASS">
          <reporter-output>
            <line>
              <![CDATA[Slider possition set to = 95]]>
            </line>
          </reporter-output>
        </test-method> <!-- Scenario_2 -->
        <test-method signature="Scenario_3()[pri:3, instance:lambdatest.Assignment_1@6253c26]" started-at="2023-03-23T17:07:43 IST" name="Scenario_3" finished-at="2023-03-23T17:07:48 IST" duration-ms="5383" status="PASS">
          <reporter-output>
            <line>
              <![CDATA[Showing correct warning message = Please fill out this field.]]>
            </line>
            <line>
              <![CDATA[Showing correct success message = Thanks for contacting us, we will get back to you shortly.]]>
            </line>
          </reporter-output>
        </test-method> <!-- Scenario_3 -->
        <test-method is-config="true" signature="teardown()[pri:0, instance:lambdatest.Assignment_1@6253c26]" started-at="2023-03-23T17:07:48 IST" name="teardown" finished-at="2023-03-23T17:07:49 IST" duration-ms="299" status="PASS">
          <reporter-output>
          </reporter-output>
        </test-method> <!-- teardown -->
      </class> <!-- lambdatest.Assignment_1 -->
    </test> <!-- Test1 -->
    <test started-at="2023-03-23T17:07:31 IST" name="Test3" finished-at="2023-03-23T17:07:51 IST" duration-ms="20337">
      <class name="lambdatest.Assignment_1">
        <test-method is-config="true" signature="Openbrowser(java.lang.String)[pri:0, instance:lambdatest.Assignment_1@4b45a2f5]" started-at="2023-03-23T17:07:31 IST" name="Openbrowser" finished-at="2023-03-23T17:07:41 IST" duration-ms="10086" status="PASS">
          <params>
            <param index="0">
              <value>
                <![CDATA[firefox]]>
              </value>
            </param>
          </params>
          <reporter-output>
          </reporter-output>
        </test-method> <!-- Openbrowser -->
        <test-method signature="Scenario_1()[pri:1, instance:lambdatest.Assignment_1@4b45a2f5]" started-at="2023-03-23T17:07:41 IST" name="Scenario_1" finished-at="2023-03-23T17:07:43 IST" duration-ms="1431" status="PASS">
          <reporter-output>
            <line>
              <![CDATA[Url Contains = simple-form-demo]]>
            </line>
            <line>
              <![CDATA[TextBox Showing Currect text message = Welcome to LambdaTest]]>
            </line>
          </reporter-output>
        </test-method> <!-- Scenario_1 -->
        <test-method signature="Scenario_2()[pri:2, instance:lambdatest.Assignment_1@4b45a2f5]" started-at="2023-03-23T17:07:43 IST" name="Scenario_2" finished-at="2023-03-23T17:07:46 IST" duration-ms="3251" status="FAIL">
          <exception class="java.lang.AssertionError">
            <message>
              <![CDATA[Range Not showing currect value expected [95] but found [96]]]>
            </message>
            <full-stacktrace>
              <![CDATA[java.lang.AssertionError: Range Not showing currect value expected [95] but found [96]
at org.testng.Assert.fail(Assert.java:99)
at org.testng.Assert.failNotEquals(Assert.java:1037)
at org.testng.Assert.assertEqualsImpl(Assert.java:140)
at org.testng.Assert.assertEquals(Assert.java:122)
at org.testng.Assert.assertEquals(Assert.java:629)
at lambdatest.Assignment_1.Scenario_2(Assignment_1.java:69)
at java.base/jdk.internal.reflect.NativeMethodAccessorImpl.invoke0(Native Method)
at java.base/jdk.internal.reflect.NativeMethodAccessorImpl.invoke(NativeMethodAccessorImpl.java:77)
at java.base/jdk.internal.reflect.DelegatingMethodAccessorImpl.invoke(DelegatingMethodAccessorImpl.java:43)
at java.base/java.lang.reflect.Method.invoke(Method.java:568)
at org.testng.internal.MethodInvocationHelper.invokeMethod(MethodInvocationHelper.java:133)
at org.testng.internal.TestInvoker.invokeMethod(TestInvoker.java:598)
at org.testng.internal.TestInvoker.invokeTestMethod(TestInvoker.java:173)
at org.testng.internal.MethodRunner.runInSequence(MethodRunner.java:46)
at org.testng.internal.TestInvoker$MethodInvocationAgent.invoke(TestInvoker.java:824)
at org.testng.internal.TestInvoker.invokeTestMethods(TestInvoker.java:146)
at org.testng.internal.TestMethodWorker.invokeTestMethods(TestMethodWorker.java:146)
at org.testng.internal.TestMethodWorker.run(TestMethodWorker.java:128)
at java.base/java.util.ArrayList.forEach(ArrayList.java:1511)
at org.testng.TestRunner.privateRun(TestRunner.java:794)
at org.testng.TestRunner.run(TestRunner.java:596)
at org.testng.SuiteRunner.runTest(SuiteRunner.java:377)
at org.testng.SuiteRunner.access$000(SuiteRunner.java:28)
at org.testng.SuiteRunner$SuiteWorker.run(SuiteRunner.java:418)
at org.testng.internal.thread.ThreadUtil.lambda$execute$0(ThreadUtil.java:64)
at java.base/java.util.concurrent.FutureTask.run(FutureTask.java:264)
at java.base/java.util.concurrent.ThreadPoolExecutor.runWorker(ThreadPoolExecutor.java:1136)
at java.base/java.util.concurrent.ThreadPoolExecutor$Worker.run(ThreadPoolExecutor.java:635)
at java.base/java.lang.Thread.run(Thread.java:833)
]]>
            </full-stacktrace>
          </exception> <!-- java.lang.AssertionError -->
          <reporter-output>
          </reporter-output>
        </test-method> <!-- Scenario_2 -->
        <test-method signature="Scenario_3()[pri:3, instance:lambdatest.Assignment_1@4b45a2f5]" started-at="2023-03-23T17:07:46 IST" name="Scenario_3" finished-at="2023-03-23T17:07:50 IST" duration-ms="3935" status="PASS">
          <reporter-output>
            <line>
              <![CDATA[Showing correct warning message = Please fill out this field.]]>
            </line>
            <line>
              <![CDATA[Showing correct success message = Thanks for contacting us, we will get back to you shortly.]]>
            </line>
          </reporter-output>
        </test-method> <!-- Scenario_3 -->
        <test-method is-config="true" signature="teardown()[pri:0, instance:lambdatest.Assignment_1@4b45a2f5]" started-at="2023-03-23T17:07:50 IST" name="teardown" finished-at="2023-03-23T17:07:51 IST" duration-ms="1541" status="PASS">
          <reporter-output>
          </reporter-output>
        </test-method> <!-- teardown -->
      </class> <!-- lambdatest.Assignment_1 -->
    </test> <!-- Test3 -->
  </suite> <!-- Suite -->
</testng-results>
